<beans xmlns="http://www.springframework.org/schema/beans"
	xmlns:p="http://www.springframework.org/schema/p" xmlns:xsi="http://www.w3.org/2001/XMLSchema-instance"
	xmlns:context="http://www.springframework.org/schema/context"
	xsi:schemaLocation="http://www.springframework.org/schema/beans
		http://www.springframework.org/schema/beans/spring-beans.xsd
		http://www.springframework.org/schema/context
		http://www.springframework.org/schema/context/spring-context.xsd">

	<context:component-scan base-package="com.triplelands.megawastu.valas.moneychanger.service" />
	<context:component-scan base-package="com.triplelands.megawastu.valas.moneychanger.domain" />

	<bean id="propertyConfigurer"
		class="org.springframework.beans.factory.config.PropertyPlaceholderConfigurer">
		<property name="locations">
			<list>
				<value>classpath:application.properties</value>
			</list>
		</property>
	</bean>	
	
	<!-- JMS Context -->
	<bean id="connectionFactory" class="org.apache.activemq.ActiveMQConnectionFactory">
		<property name="brokerURL" value="tcp://localhost:61616" />
	</bean>

	<bean id="ratesDestination" class="org.apache.activemq.command.ActiveMQTopic">
		<constructor-arg value="rates.updated.topic" />
	</bean>

	<bean id="kursJmsTemplate" class="org.springframework.jms.core.JmsTemplate">
		<property name="connectionFactory" ref="connectionFactory" />
		<property name="receiveTimeout" value="10000" />
		<property name="defaultDestination" ref="ratesDestination"></property>
		<property name="messageConverter" ref="serializableMessageConverter"></property>
	</bean>
	
	
</beans>