<beans xmlns="http://www.springframework.org/schema/beans"
	xmlns:p="http://www.springframework.org/schema/p" xmlns:xsi="http://www.w3.org/2001/XMLSchema-instance"
	xmlns:context="http://www.springframework.org/schema/context"
	xsi:schemaLocation="http://www.springframework.org/schema/beans
		http://www.springframework.org/schema/beans/spring-beans.xsd
		http://www.springframework.org/schema/context
		http://www.springframework.org/schema/context/spring-context.xsd">

	<context:component-scan base-package="com.triplelands.megawastu.valas.moneychanger.dao" />
	<context:component-scan base-package="com.triplelands.megawastu.valas.moneychanger.service" />
	<context:component-scan base-package="com.triplelands.megawastu.valas.moneychanger.domain"></context:component-scan>

	<bean id="dataSource" class="org.springframework.jndi.JndiObjectFactoryBean">
		<property name="jndiName" value="com/dev/sss" />
		<property name="defaultObject" ref="developmentDataSource" />
	</bean>

	<!-- fall back datasource if JNDI look up of main datasource fails -->
	<bean id="developmentDataSource" class="org.apache.commons.dbcp.BasicDataSource"
		destroy-method="close">

		<property name="driverClassName" value="${jdbc.driverClassName}" />
		<property name="url" value="${jdbc.url}" />
		<property name="username" value="${jdbc.username}" />
		<property name="password" value="${jdbc.password}" />

		<property name="initialSize">
			<value>10</value>
		</property>
		<property name="maxActive">
			<value>0</value>
		</property>
		<property name="maxWait">
			<value>5000</value>
		</property>

	</bean>

	<bean id="propertyConfigurer"
		class="org.springframework.beans.factory.config.PropertyPlaceholderConfigurer">
		<property name="locations">
			<list>
				<value>classpath:application.properties</value>
			</list>
		</property>
	</bean>

	<bean id="transactionManager"
		class="org.springframework.jdbc.datasource.DataSourceTransactionManager">
		<property name="dataSource" ref="dataSource" />
	</bean>

	
	
	<!-- JMS Context -->
	<bean id="connectionFactory" class="org.apache.activemq.ActiveMQConnectionFactory">
		<property name="brokerURL" value="tcp://localhost:61616" />
	</bean>

	<bean id="ratesDestination" class="org.apache.activemq.command.ActiveMQTopic">
		<constructor-arg value="rates.updated.topic" />
	</bean>

	<bean id="kursJmsTemplate" class="org.springframework.jms.core.JmsTemplate">
		<property name="connectionFactory" ref="connectionFactory" />
		<property name="receiveTimeout" value="10000" />
		<property name="defaultDestination" ref="ratesDestination"></property>
		<property name="messageConverter" ref="ratesMessageConverter"></property>
	</bean>
</beans>