<?xml version="1.0" encoding="utf-8" standalone="no"?>
<!--This file represents the results of running a test suite-->
<test-results name="/home/greg/Projects/grensesnitt/grensesnitt.Sample/bin/Debug/grensesnitt.Sample.dll" total="24" errors="0" failures="0" not-run="0" inconclusive="0" ignored="0" skipped="0" invalid="0" date="2010-09-22" time="16:44:58">
  <environment nunit-version="2.5.7.10213" clr-version="2.0.50727.1433" os-version="Unix 2.6.32.24" platform="Unix" cwd="/home/greg/Projects/grensesnitt/lib/NUnit-2.5.7.10213/bin/net-2.0" machine-name="goblin" user="greg" user-domain="goblin" />
  <culture-info current-culture="en-US" current-uiculture="en-US" />
  <test-suite type="Assembly" name="/home/greg/Projects/grensesnitt/grensesnitt.Sample/bin/Debug/grensesnitt.Sample.dll" executed="True" result="Success" success="True" time="0.301" asserts="0">
    <results>
      <test-suite type="Namespace" name="grensesnitt" executed="True" result="Success" success="True" time="0.273" asserts="0">
        <results>
          <test-suite type="Namespace" name="Sample" executed="True" result="Success" success="True" time="0.264" asserts="0">
            <results>
              <test-suite type="Namespace" name="SimpleKeyValue" executed="True" result="Success" success="True" time="0.162" asserts="0">
                <results>
                  <test-suite type="TestSuite" name="SimpleKeyValueTests" executed="True" result="Success" success="True" time="0.155" asserts="0">
                    <results>
                      <test-suite type="TestSuite" name="DictionarySimpleKeyValue" executed="True" result="Success" success="True" time="0.104" asserts="0">
                        <results>
                          <test-case name="grensesnitt.Sample.SimpleKeyValue.SimpleKeyValueTests(grensesnitt.Sample.SimpleKeyValue.DictionarySimpleKeyValue)" executed="True" result="Success" success="True" time="0.024" asserts="0" />
                          <test-case name="grensesnitt.Sample.SimpleKeyValue.SimpleKeyValueTests(grensesnitt.Sample.SimpleKeyValue.DictionarySimpleKeyValue)" executed="True" result="Success" success="True" time="0.003" asserts="0" />
                          <test-case name="grensesnitt.Sample.SimpleKeyValue.SimpleKeyValueTests(grensesnitt.Sample.SimpleKeyValue.DictionarySimpleKeyValue)" executed="True" result="Success" success="True" time="0.022" asserts="0" />
                          <test-case name="grensesnitt.Sample.SimpleKeyValue.SimpleKeyValueTests(grensesnitt.Sample.SimpleKeyValue.DictionarySimpleKeyValue)" executed="True" result="Success" success="True" time="0.001" asserts="0" />
                          <test-case name="grensesnitt.Sample.SimpleKeyValue.SimpleKeyValueTests(grensesnitt.Sample.SimpleKeyValue.DictionarySimpleKeyValue)" executed="True" result="Success" success="True" time="0.004" asserts="0" />
                          <test-case name="grensesnitt.Sample.SimpleKeyValue.SimpleKeyValueTests(grensesnitt.Sample.SimpleKeyValue.DictionarySimpleKeyValue)" executed="True" result="Success" success="True" time="0.002" asserts="0" />
                        </results>
                      </test-suite>
                      <test-suite type="TestSuite" name="ListSimpleKeyValue" executed="True" result="Success" success="True" time="0.042" asserts="0">
                        <results>
                          <test-case name="grensesnitt.Sample.SimpleKeyValue.SimpleKeyValueTests(grensesnitt.Sample.SimpleKeyValue.ListSimpleKeyValue)" executed="True" result="Success" success="True" time="0.007" asserts="0" />
                          <test-case name="grensesnitt.Sample.SimpleKeyValue.SimpleKeyValueTests(grensesnitt.Sample.SimpleKeyValue.ListSimpleKeyValue)" executed="True" result="Success" success="True" time="0.006" asserts="0" />
                          <test-case name="grensesnitt.Sample.SimpleKeyValue.SimpleKeyValueTests(grensesnitt.Sample.SimpleKeyValue.ListSimpleKeyValue)" executed="True" result="Success" success="True" time="0.003" asserts="0" />
                          <test-case name="grensesnitt.Sample.SimpleKeyValue.SimpleKeyValueTests(grensesnitt.Sample.SimpleKeyValue.ListSimpleKeyValue)" executed="True" result="Success" success="True" time="0.000" asserts="0" />
                          <test-case name="grensesnitt.Sample.SimpleKeyValue.SimpleKeyValueTests(grensesnitt.Sample.SimpleKeyValue.ListSimpleKeyValue)" executed="True" result="Success" success="True" time="0.002" asserts="0" />
                          <test-case name="grensesnitt.Sample.SimpleKeyValue.SimpleKeyValueTests(grensesnitt.Sample.SimpleKeyValue.ListSimpleKeyValue)" executed="True" result="Success" success="True" time="0.000" asserts="0" />
                        </results>
                      </test-suite>
                    </results>
                  </test-suite>
                </results>
              </test-suite>
              <test-suite type="TestSuite" name="WithOtherPlugins" executed="True" result="Success" success="True" time="0.077" asserts="0">
                <results>
                  <test-suite type="TestSuite" name="Adder1" executed="True" result="Success" success="True" time="0.019" asserts="0">
                    <results>
                      <test-suite type="ParameterizedTest" name="CanAddOrSomething" executed="True" result="Success" success="True" time="0.016" asserts="0">
                        <results>
                          <test-case name="CanAddOrSomething(Adder1)(0, 0, 0)" executed="True" result="Success" success="True" time="0.006" asserts="0" />
                          <test-case name="CanAddOrSomething(Adder1)(-1, 2, 1)" executed="True" result="Success" success="True" time="0.000" asserts="0" />
                          <test-case name="CanAddOrSomething(Adder1)(1, 2, 3)" executed="True" result="Success" success="True" time="0.000" asserts="0" />
                        </results>
                      </test-suite>
                      <test-suite type="ParameterizedTest" name="CannAddOrSomethingWithReturn" executed="True" result="Success" success="True" time="0.001" asserts="0">
                        <results>
                          <test-case name="CannAddOrSomethingWithReturn(Adder1)(0, 0)" executed="True" result="Success" success="True" time="0.001" asserts="0" />
                          <test-case name="CannAddOrSomethingWithReturn(Adder1)(-1, 2)" executed="True" result="Success" success="True" time="0.000" asserts="0" />
                          <test-case name="CannAddOrSomethingWithReturn(Adder1)(1, 2)" executed="True" result="Success" success="True" time="0.000" asserts="0" />
                        </results>
                      </test-suite>
                    </results>
                  </test-suite>
                  <test-suite type="TestSuite" name="Adder2" executed="True" result="Success" success="True" time="0.054" asserts="0">
                    <results>
                      <test-suite type="ParameterizedTest" name="CanAddOrSomething" executed="True" result="Success" success="True" time="0.032" asserts="0">
                        <results>
                          <test-case name="CanAddOrSomething(Adder2)(0, 0, 0)" executed="True" result="Success" success="True" time="0.001" asserts="0" />
                          <test-case name="CanAddOrSomething(Adder2)(-1, 2, 1)" executed="True" result="Success" success="True" time="0.001" asserts="0" />
                          <test-case name="CanAddOrSomething(Adder2)(1, 2, 3)" executed="True" result="Success" success="True" time="0.000" asserts="0" />
                        </results>
                      </test-suite>
                      <test-suite type="ParameterizedTest" name="CannAddOrSomethingWithReturn" executed="True" result="Success" success="True" time="0.016" asserts="0">
                        <results>
                          <test-case name="CannAddOrSomethingWithReturn(Adder2)(0, 0)" executed="True" result="Success" success="True" time="0.000" asserts="0" />
                          <test-case name="CannAddOrSomethingWithReturn(Adder2)(-1, 2)" executed="True" result="Success" success="True" time="0.000" asserts="0" />
                          <test-case name="CannAddOrSomethingWithReturn(Adder2)(1, 2)" executed="True" result="Success" success="True" time="0.000" asserts="0" />
                        </results>
                      </test-suite>
                    </results>
                  </test-suite>
                </results>
              </test-suite>
            </results>
          </test-suite>
        </results>
      </test-suite>
    </results>
  </test-suite>
</test-results>